=== HappyRentals Launcher Started ===
BASE_DIR=C:\HappyRentals
ROOT_DIR=C:\HappyRentals
BACKEND_DIR=C:\HappyRentals\backend
FRONTEND_DIR=C:\HappyRentals\frontend
Starting backend...
Starting frontend...
ERROR: frontend never started
Launcher finished
=== HappyRentals Launcher Started ===
BASE_DIR=C:\HappyRentals
ROOT_DIR=C:\HappyRentals
BACKEND_DIR=C:\HappyRentals\backend
FRONTEND_DIR=C:\HappyRentals\frontend
Starting backend...
Starting frontend...
Opening browser http://localhost:5173
Launcher finished
=== HappyRentals Launcher Started ===
BASE_DIR=C:\HappyRentals
ROOT_DIR=C:\HappyRentals
BACKEND_DIR=C:\HappyRentals\backend
FRONTEND_DIR=C:\HappyRentals\frontend
Starting backend...
Starting frontend...
Opening browser http://localhost:5173
Launcher finished
=== HappyRentals Launcher Started ===
BASE_DIR=C:\HappyRentals
ROOT_DIR=C:\HappyRentals
BACKEND_DIR=C:\HappyRentals\backend
FRONTEND_DIR=C:\HappyRentals\frontend
Backend already running
Starting frontend...
Opening browser http://localhost:5173
Launcher finished
=== HappyRentals Launcher Started ===
BASE_DIR=C:\HappyRentals
ROOT_DIR=C:\HappyRentals
BACKEND_DIR=C:\HappyRentals\backend
FRONTEND_DIR=C:\HappyRentals\frontend
Backend already running
Starting frontend...
Opening browser http://localhost:5173
Launcher finished
=== HappyRentals Launcher Started ===
BASE_DIR=C:\HappyRentals
ROOT_DIR=C:\HappyRentals
BACKEND_DIR=C:\HappyRentals\backend
FRONTEND_DIR=C:\HappyRentals\frontend
Starting backend...
=== HappyRentals Launcher Started ===
BASE_DIR=C:\HappyRentals
ROOT_DIR=C:\HappyRentals
BACKEND_DIR=C:\HappyRentals\backend
FRONTEND_DIR=C:\HappyRentals\frontend
Starting frontend...
Opening browser http://localhost:5173
Launcher finished
Backend already running
Starting frontend...
Opening browser http://localhost:5173
Launcher finished
=== HappyRentals Launcher Started ===
BASE_DIR=C:\HappyRentals
ROOT_DIR=C:\HappyRentals
BACKEND_DIR=C:\HappyRentals\backend
FRONTEND_DIR=C:\HappyRentals\frontend
Backend already running
Starting frontend...
Opening browser http://localhost:5173
Launcher finished
=== HappyRentals Launcher Started ===
BASE_DIR=C:\HappyRentals
ROOT_DIR=C:\HappyRentals
BACKEND_DIR=C:\HappyRentals\backend
FRONTEND_DIR=C:\HappyRentals\frontend
Backend already running
Starting frontend...
Opening browser http://localhost:5173
Launcher finished
=== HappyRentals Launcher Started ===
BASE_DIR=C:\HappyRentals
ROOT_DIR=C:\HappyRentals
BACKEND_DIR=C:\HappyRentals\backend
FRONTEND_DIR=C:\HappyRentals\frontend
Backend already running
Starting frontend...
Opening browser http://localhost:5173
Launcher finished
=== HappyRentals Launcher Started ===
BASE_DIR=C:\HappyRentals
ROOT_DIR=C:\HappyRentals
BACKEND_DIR=C:\HappyRentals\backend
FRONTEND_DIR=C:\HappyRentals\frontend
Backend already running
Starting frontend...
Opening browser http://localhost:5173
Launcher finished
=== HappyRentals Launcher Started ===
BASE_DIR=C:\HappyRentals
ROOT_DIR=C:\HappyRentals
BACKEND_DIR=C:\HappyRentals\backend
FRONTEND_DIR=C:\HappyRentals\frontend
Backend already running
Starting frontend...
Opening browser http://localhost:5173
Launcher finished
=== HappyRentals Launcher Started ===
BASE_DIR=C:\HappyRentals
ROOT_DIR=C:\HappyRentals
BACKEND_DIR=C:\HappyRentals\backend
FRONTEND_DIR=C:\HappyRentals\frontend
Backend already running
Starting frontend...
Opening browser http://localhost:5173
Launcher finished
=== HappyRentals Launcher Started ===
BASE_DIR=C:\HappyRentals
ROOT_DIR=C:\HappyRentals
BACKEND_DIR=C:\HappyRentals\backend
FRONTEND_DIR=C:\HappyRentals\frontend
Starting backend...
Starting frontend...
Opening browser http://localhost:5173
Launcher finished
=== HappyRentals Launcher Started ===
BASE_DIR=C:\HappyRentals
ROOT_DIR=C:\HappyRentals
BACKEND_DIR=C:\HappyRentals\backend
FRONTEND_DIR=C:\HappyRentals\frontend
Starting backend...
Starting frontend...
Opening browser http://localhost:5173
Launcher finished
=== HappyRentals Launcher Started ===
BASE_DIR=C:\HappyRentals
ROOT_DIR=C:\HappyRentals
BACKEND_DIR=C:\HappyRentals\backend
FRONTEND_DIR=C:\HappyRentals\frontend
Backend already running
Starting frontend...
Opening browser http://localhost:5173
Launcher finished
